[2025-06-30T18:06:35.658+0000] {local_task_job_runner.py:120} INFO - ::group::Pre task execution logs
[2025-06-30T18:06:35.689+0000] {taskinstance.py:2076} INFO - Dependencies all met for dep_context=non-requeueable deps ti=<TaskInstance: fetch_and_store_amazon_books.fetch_book_data manual__2025-06-30T18:06:33.637662+00:00 [queued]>
[2025-06-30T18:06:35.697+0000] {taskinstance.py:2076} INFO - Dependencies all met for dep_context=requeueable deps ti=<TaskInstance: fetch_and_store_amazon_books.fetch_book_data manual__2025-06-30T18:06:33.637662+00:00 [queued]>
[2025-06-30T18:06:35.698+0000] {taskinstance.py:2306} INFO - Starting attempt 1 of 2
[2025-06-30T18:06:35.709+0000] {taskinstance.py:2330} INFO - Executing <Task(PythonOperator): fetch_book_data> on 2025-06-30 18:06:33.637662+00:00
[2025-06-30T18:06:35.718+0000] {warnings.py:112} WARNING - /home/***/.local/lib/python3.12/site-packages/***/task/task_runner/standard_task_runner.py:61: DeprecationWarning: This process (pid=759) is multi-threaded, use of fork() may lead to deadlocks in the child.
  pid = os.fork()

[2025-06-30T18:06:35.719+0000] {standard_task_runner.py:63} INFO - Started process 761 to run task
[2025-06-30T18:06:35.719+0000] {standard_task_runner.py:90} INFO - Running: ['***', 'tasks', 'run', 'fetch_and_store_amazon_books', 'fetch_book_data', 'manual__2025-06-30T18:06:33.637662+00:00', '--job-id', '17', '--raw', '--subdir', 'DAGS_FOLDER/app.py', '--cfg-path', '/tmp/tmpthqdvwby']
[2025-06-30T18:06:35.720+0000] {standard_task_runner.py:91} INFO - Job 17: Subtask fetch_book_data
[2025-06-30T18:06:35.747+0000] {task_command.py:426} INFO - Running <TaskInstance: fetch_and_store_amazon_books.fetch_book_data manual__2025-06-30T18:06:33.637662+00:00 [running]> on host 714f151640e5
[2025-06-30T18:06:35.781+0000] {taskinstance.py:2648} INFO - Exporting env vars: AIRFLOW_CTX_DAG_OWNER='***' AIRFLOW_CTX_DAG_ID='fetch_and_store_amazon_books' AIRFLOW_CTX_TASK_ID='fetch_book_data' AIRFLOW_CTX_EXECUTION_DATE='2025-06-30T18:06:33.637662+00:00' AIRFLOW_CTX_TRY_NUMBER='1' AIRFLOW_CTX_DAG_RUN_ID='manual__2025-06-30T18:06:33.637662+00:00'
[2025-06-30T18:06:35.782+0000] {taskinstance.py:430} INFO - ::endgroup::
[2025-06-30T18:06:35.783+0000] {logging_mixin.py:188} INFO - Fetching URL: https://www.amazon.com/s?k=data+engineering+books&page=1
[2025-06-30T18:06:37.370+0000] {logging_mixin.py:188} INFO - Status code: 200
[2025-06-30T18:06:37.711+0000] {logging_mixin.py:188} INFO - Found 81 containers on page 1
[2025-06-30T18:06:37.725+0000] {logging_mixin.py:188} INFO - Fetching URL: https://www.amazon.com/s?k=data+engineering+books&page=1
[2025-06-30T18:06:37.863+0000] {logging_mixin.py:188} INFO - Status code: 503
[2025-06-30T18:06:37.864+0000] {logging_mixin.py:188} INFO - Failed to retrieve the page
[2025-06-30T18:06:37.884+0000] {python.py:237} INFO - Done. Returned value was: None
[2025-06-30T18:06:37.885+0000] {taskinstance.py:441} INFO - ::group::Post task execution logs
[2025-06-30T18:06:37.890+0000] {taskinstance.py:1206} INFO - Marking task as SUCCESS. dag_id=fetch_and_store_amazon_books, task_id=fetch_book_data, run_id=manual__2025-06-30T18:06:33.637662+00:00, execution_date=20250630T180633, start_date=20250630T180635, end_date=20250630T180637
[2025-06-30T18:06:37.917+0000] {local_task_job_runner.py:240} INFO - Task exited with return code 0
[2025-06-30T18:06:37.928+0000] {warnings.py:112} WARNING - /home/***/.local/lib/python3.12/site-packages/***/models/baseoperator.py:1297: AirflowProviderDeprecationWarning: Call to deprecated class PostgresOperator. (Please use `***.providers.common.sql.operators.sql.SQLExecuteQueryOperator`.Also, you can provide `hook_params={'schema': <database>}`.)
  result = cls.__new__(cls)

[2025-06-30T18:06:37.938+0000] {taskinstance.py:3503} INFO - 1 downstream tasks scheduled from follow-on schedule check
[2025-06-30T18:06:37.938+0000] {local_task_job_runner.py:222} INFO - ::endgroup::
