[2025-06-30T18:14:27.301+0000] {local_task_job_runner.py:120} INFO - ::group::Pre task execution logs
[2025-06-30T18:14:27.312+0000] {taskinstance.py:2076} INFO - Dependencies all met for dep_context=non-requeueable deps ti=<TaskInstance: fetch_and_store_amazon_books.fetch_book_data manual__2025-06-30T18:14:26.048551+00:00 [queued]>
[2025-06-30T18:14:27.316+0000] {taskinstance.py:2076} INFO - Dependencies all met for dep_context=requeueable deps ti=<TaskInstance: fetch_and_store_amazon_books.fetch_book_data manual__2025-06-30T18:14:26.048551+00:00 [queued]>
[2025-06-30T18:14:27.316+0000] {taskinstance.py:2306} INFO - Starting attempt 1 of 2
[2025-06-30T18:14:27.323+0000] {taskinstance.py:2330} INFO - Executing <Task(PythonOperator): fetch_book_data> on 2025-06-30 18:14:26.048551+00:00
[2025-06-30T18:14:27.328+0000] {warnings.py:112} WARNING - /home/***/.local/lib/python3.12/site-packages/***/task/task_runner/standard_task_runner.py:61: DeprecationWarning: This process (pid=874) is multi-threaded, use of fork() may lead to deadlocks in the child.
  pid = os.fork()

[2025-06-30T18:14:27.329+0000] {standard_task_runner.py:63} INFO - Started process 876 to run task
[2025-06-30T18:14:27.329+0000] {standard_task_runner.py:90} INFO - Running: ['***', 'tasks', 'run', 'fetch_and_store_amazon_books', 'fetch_book_data', 'manual__2025-06-30T18:14:26.048551+00:00', '--job-id', '21', '--raw', '--subdir', 'DAGS_FOLDER/app.py', '--cfg-path', '/tmp/tmpd2f0xsqx']
[2025-06-30T18:14:27.330+0000] {standard_task_runner.py:91} INFO - Job 21: Subtask fetch_book_data
[2025-06-30T18:14:27.356+0000] {task_command.py:426} INFO - Running <TaskInstance: fetch_and_store_amazon_books.fetch_book_data manual__2025-06-30T18:14:26.048551+00:00 [running]> on host 714f151640e5
[2025-06-30T18:14:27.392+0000] {taskinstance.py:2648} INFO - Exporting env vars: AIRFLOW_CTX_DAG_OWNER='***' AIRFLOW_CTX_DAG_ID='fetch_and_store_amazon_books' AIRFLOW_CTX_TASK_ID='fetch_book_data' AIRFLOW_CTX_EXECUTION_DATE='2025-06-30T18:14:26.048551+00:00' AIRFLOW_CTX_TRY_NUMBER='1' AIRFLOW_CTX_DAG_RUN_ID='manual__2025-06-30T18:14:26.048551+00:00'
[2025-06-30T18:14:27.393+0000] {taskinstance.py:430} INFO - ::endgroup::
[2025-06-30T18:14:27.394+0000] {logging_mixin.py:188} INFO - Mock book data generated: 50 records
[2025-06-30T18:14:27.401+0000] {python.py:237} INFO - Done. Returned value was: None
[2025-06-30T18:14:27.402+0000] {taskinstance.py:441} INFO - ::group::Post task execution logs
[2025-06-30T18:14:27.406+0000] {taskinstance.py:1206} INFO - Marking task as SUCCESS. dag_id=fetch_and_store_amazon_books, task_id=fetch_book_data, run_id=manual__2025-06-30T18:14:26.048551+00:00, execution_date=20250630T181426, start_date=20250630T181427, end_date=20250630T181427
[2025-06-30T18:14:27.428+0000] {local_task_job_runner.py:240} INFO - Task exited with return code 0
[2025-06-30T18:14:27.436+0000] {warnings.py:112} WARNING - /home/***/.local/lib/python3.12/site-packages/***/models/baseoperator.py:1297: AirflowProviderDeprecationWarning: Call to deprecated class PostgresOperator. (Please use `***.providers.common.sql.operators.sql.SQLExecuteQueryOperator`.Also, you can provide `hook_params={'schema': <database>}`.)
  result = cls.__new__(cls)

[2025-06-30T18:14:27.445+0000] {taskinstance.py:3503} INFO - 1 downstream tasks scheduled from follow-on schedule check
[2025-06-30T18:14:27.446+0000] {local_task_job_runner.py:222} INFO - ::endgroup::
