[2025-06-30T17:16:51.095+0000] {local_task_job_runner.py:120} INFO - ::group::Pre task execution logs
[2025-06-30T17:16:51.106+0000] {taskinstance.py:2076} INFO - Dependencies all met for dep_context=non-requeueable deps ti=<TaskInstance: fetch_and_store_amazon_books.create_table manual__2025-06-30T17:16:46.898855+00:00 [queued]>
[2025-06-30T17:16:51.109+0000] {taskinstance.py:2076} INFO - Dependencies all met for dep_context=requeueable deps ti=<TaskInstance: fetch_and_store_amazon_books.create_table manual__2025-06-30T17:16:46.898855+00:00 [queued]>
[2025-06-30T17:16:51.109+0000] {taskinstance.py:2306} INFO - Starting attempt 1 of 2
[2025-06-30T17:16:51.114+0000] {taskinstance.py:2330} INFO - Executing <Task(PostgresOperator): create_table> on 2025-06-30 17:16:46.898855+00:00
[2025-06-30T17:16:51.117+0000] {warnings.py:112} WARNING - /home/***/.local/lib/python3.12/site-packages/***/task/task_runner/standard_task_runner.py:61: DeprecationWarning: This process (pid=129) is multi-threaded, use of fork() may lead to deadlocks in the child.
  pid = os.fork()

[2025-06-30T17:16:51.118+0000] {standard_task_runner.py:63} INFO - Started process 131 to run task
[2025-06-30T17:16:51.118+0000] {standard_task_runner.py:90} INFO - Running: ['***', 'tasks', 'run', 'fetch_and_store_amazon_books', 'create_table', 'manual__2025-06-30T17:16:46.898855+00:00', '--job-id', '14', '--raw', '--subdir', 'DAGS_FOLDER/app.py', '--cfg-path', '/tmp/tmp_o0jp4hp']
[2025-06-30T17:16:51.119+0000] {standard_task_runner.py:91} INFO - Job 14: Subtask create_table
[2025-06-30T17:16:51.145+0000] {task_command.py:426} INFO - Running <TaskInstance: fetch_and_store_amazon_books.create_table manual__2025-06-30T17:16:46.898855+00:00 [running]> on host 714f151640e5
[2025-06-30T17:16:51.176+0000] {taskinstance.py:2648} INFO - Exporting env vars: AIRFLOW_CTX_DAG_OWNER='***' AIRFLOW_CTX_DAG_ID='fetch_and_store_amazon_books' AIRFLOW_CTX_TASK_ID='create_table' AIRFLOW_CTX_EXECUTION_DATE='2025-06-30T17:16:46.898855+00:00' AIRFLOW_CTX_TRY_NUMBER='1' AIRFLOW_CTX_DAG_RUN_ID='manual__2025-06-30T17:16:46.898855+00:00'
[2025-06-30T17:16:51.176+0000] {taskinstance.py:430} INFO - ::endgroup::
[2025-06-30T17:16:51.177+0000] {sql.py:276} INFO - Executing: 
    CREATE TABLE IF NOT EXISTS books (
        id SERIAL PRIMARY KEY,
        title TEXT NOT NULL,
        authors TEXT,
        price TEXT,
        rating TEXT
    );
    
[2025-06-30T17:16:51.179+0000] {base.py:84} INFO - Using connection ID 'books_connection' for task execution.
[2025-06-30T17:16:51.184+0000] {base.py:84} INFO - Using connection ID 'books_connection' for task execution.
[2025-06-30T17:16:51.187+0000] {sql.py:487} INFO - Running statement: 
    CREATE TABLE IF NOT EXISTS books (
        id SERIAL PRIMARY KEY,
        title TEXT NOT NULL,
        authors TEXT,
        price TEXT,
        rating TEXT
    );
    , parameters: None
[2025-06-30T17:16:51.213+0000] {taskinstance.py:441} INFO - ::group::Post task execution logs
[2025-06-30T17:16:51.220+0000] {taskinstance.py:1206} INFO - Marking task as SUCCESS. dag_id=fetch_and_store_amazon_books, task_id=create_table, run_id=manual__2025-06-30T17:16:46.898855+00:00, execution_date=20250630T171646, start_date=20250630T171651, end_date=20250630T171651
[2025-06-30T17:16:51.260+0000] {local_task_job_runner.py:240} INFO - Task exited with return code 0
[2025-06-30T17:16:51.265+0000] {warnings.py:112} WARNING - /home/***/.local/lib/python3.12/site-packages/***/models/baseoperator.py:1297: AirflowProviderDeprecationWarning: Call to deprecated class PostgresOperator. (Please use `***.providers.common.sql.operators.sql.SQLExecuteQueryOperator`.Also, you can provide `hook_params={'schema': <database>}`.)
  result = cls.__new__(cls)

[2025-06-30T17:16:51.270+0000] {taskinstance.py:3503} INFO - 1 downstream tasks scheduled from follow-on schedule check
[2025-06-30T17:16:51.270+0000] {local_task_job_runner.py:222} INFO - ::endgroup::
