[2025-06-30T16:23:07.680+0000] {local_task_job_runner.py:120} INFO - ::group::Pre task execution logs
[2025-06-30T16:23:07.696+0000] {taskinstance.py:2076} INFO - Dependencies all met for dep_context=non-requeueable deps ti=<TaskInstance: fetch_and_store_amazon_books.fetch_book_data manual__2025-06-30T16:23:04.482837+00:00 [queued]>
[2025-06-30T16:23:07.701+0000] {taskinstance.py:2076} INFO - Dependencies all met for dep_context=requeueable deps ti=<TaskInstance: fetch_and_store_amazon_books.fetch_book_data manual__2025-06-30T16:23:04.482837+00:00 [queued]>
[2025-06-30T16:23:07.701+0000] {taskinstance.py:2306} INFO - Starting attempt 1 of 2
[2025-06-30T16:23:07.707+0000] {taskinstance.py:2330} INFO - Executing <Task(PythonOperator): fetch_book_data> on 2025-06-30 16:23:04.482837+00:00
[2025-06-30T16:23:07.714+0000] {warnings.py:112} WARNING - /home/***/.local/lib/python3.12/site-packages/***/task/task_runner/standard_task_runner.py:61: DeprecationWarning: This process (pid=122) is multi-threaded, use of fork() may lead to deadlocks in the child.
  pid = os.fork()

[2025-06-30T16:23:07.715+0000] {standard_task_runner.py:63} INFO - Started process 124 to run task
[2025-06-30T16:23:07.715+0000] {standard_task_runner.py:90} INFO - Running: ['***', 'tasks', 'run', 'fetch_and_store_amazon_books', 'fetch_book_data', 'manual__2025-06-30T16:23:04.482837+00:00', '--job-id', '5', '--raw', '--subdir', 'DAGS_FOLDER/app.py', '--cfg-path', '/tmp/tmp129946au']
[2025-06-30T16:23:07.716+0000] {standard_task_runner.py:91} INFO - Job 5: Subtask fetch_book_data
[2025-06-30T16:23:07.738+0000] {task_command.py:426} INFO - Running <TaskInstance: fetch_and_store_amazon_books.fetch_book_data manual__2025-06-30T16:23:04.482837+00:00 [running]> on host a8cff8cf3ab7
[2025-06-30T16:23:07.769+0000] {taskinstance.py:2648} INFO - Exporting env vars: AIRFLOW_CTX_DAG_OWNER='***' AIRFLOW_CTX_DAG_ID='fetch_and_store_amazon_books' AIRFLOW_CTX_TASK_ID='fetch_book_data' AIRFLOW_CTX_EXECUTION_DATE='2025-06-30T16:23:04.482837+00:00' AIRFLOW_CTX_TRY_NUMBER='1' AIRFLOW_CTX_DAG_RUN_ID='manual__2025-06-30T16:23:04.482837+00:00'
[2025-06-30T16:23:07.770+0000] {taskinstance.py:430} INFO - ::endgroup::
[2025-06-30T16:31:21.958+0000] {logging_mixin.py:188} INFO - Failed to retrieve the page
[2025-06-30T16:31:22.036+0000] {python.py:237} INFO - Done. Returned value was: None
[2025-06-30T16:31:22.037+0000] {taskinstance.py:441} INFO - ::group::Post task execution logs
[2025-06-30T16:31:22.048+0000] {taskinstance.py:1206} INFO - Marking task as SUCCESS. dag_id=fetch_and_store_amazon_books, task_id=fetch_book_data, run_id=manual__2025-06-30T16:23:04.482837+00:00, execution_date=20250630T162304, start_date=20250630T162307, end_date=20250630T163122
[2025-06-30T16:31:22.092+0000] {local_task_job_runner.py:240} INFO - Task exited with return code 0
[2025-06-30T16:31:22.123+0000] {warnings.py:112} WARNING - /home/***/.local/lib/python3.12/site-packages/***/models/baseoperator.py:1297: AirflowProviderDeprecationWarning: Call to deprecated class PostgresOperator. (Please use `***.providers.common.sql.operators.sql.SQLExecuteQueryOperator`.Also, you can provide `hook_params={'schema': <database>}`.)
  result = cls.__new__(cls)

[2025-06-30T16:31:22.189+0000] {taskinstance.py:3503} INFO - 1 downstream tasks scheduled from follow-on schedule check
[2025-06-30T16:31:22.191+0000] {local_task_job_runner.py:222} INFO - ::endgroup::
