[2025-06-30T18:14:29.630+0000] {local_task_job_runner.py:120} INFO - ::group::Pre task execution logs
[2025-06-30T18:14:29.641+0000] {taskinstance.py:2076} INFO - Dependencies all met for dep_context=non-requeueable deps ti=<TaskInstance: fetch_and_store_amazon_books.insert_book_data manual__2025-06-30T18:14:26.048551+00:00 [queued]>
[2025-06-30T18:14:29.644+0000] {taskinstance.py:2076} INFO - Dependencies all met for dep_context=requeueable deps ti=<TaskInstance: fetch_and_store_amazon_books.insert_book_data manual__2025-06-30T18:14:26.048551+00:00 [queued]>
[2025-06-30T18:14:29.644+0000] {taskinstance.py:2306} INFO - Starting attempt 1 of 2
[2025-06-30T18:14:29.649+0000] {taskinstance.py:2330} INFO - Executing <Task(PythonOperator): insert_book_data> on 2025-06-30 18:14:26.048551+00:00
[2025-06-30T18:14:29.655+0000] {warnings.py:112} WARNING - /home/***/.local/lib/python3.12/site-packages/***/task/task_runner/standard_task_runner.py:61: DeprecationWarning: This process (pid=880) is multi-threaded, use of fork() may lead to deadlocks in the child.
  pid = os.fork()

[2025-06-30T18:14:29.656+0000] {standard_task_runner.py:63} INFO - Started process 882 to run task
[2025-06-30T18:14:29.656+0000] {standard_task_runner.py:90} INFO - Running: ['***', 'tasks', 'run', 'fetch_and_store_amazon_books', 'insert_book_data', 'manual__2025-06-30T18:14:26.048551+00:00', '--job-id', '23', '--raw', '--subdir', 'DAGS_FOLDER/app.py', '--cfg-path', '/tmp/tmpr2vibcfv']
[2025-06-30T18:14:29.657+0000] {standard_task_runner.py:91} INFO - Job 23: Subtask insert_book_data
[2025-06-30T18:14:29.683+0000] {task_command.py:426} INFO - Running <TaskInstance: fetch_and_store_amazon_books.insert_book_data manual__2025-06-30T18:14:26.048551+00:00 [running]> on host 714f151640e5
[2025-06-30T18:14:29.722+0000] {taskinstance.py:2648} INFO - Exporting env vars: AIRFLOW_CTX_DAG_OWNER='***' AIRFLOW_CTX_DAG_ID='fetch_and_store_amazon_books' AIRFLOW_CTX_TASK_ID='insert_book_data' AIRFLOW_CTX_EXECUTION_DATE='2025-06-30T18:14:26.048551+00:00' AIRFLOW_CTX_TRY_NUMBER='1' AIRFLOW_CTX_DAG_RUN_ID='manual__2025-06-30T18:14:26.048551+00:00'
[2025-06-30T18:14:29.723+0000] {taskinstance.py:430} INFO - ::endgroup::
[2025-06-30T18:14:29.749+0000] {base.py:84} INFO - Using connection ID 'books_connection' for task execution.
[2025-06-30T18:14:29.751+0000] {sql.py:487} INFO - Running statement: 
    INSERT INTO books (title, authors, price, rating)
    VALUES (%s, %s, %s, %s)
    , parameters: ('Data Engineering with Python Vol-1', 'Author A', '47', '4.3 out of 5')
[2025-06-30T18:14:29.756+0000] {sql.py:496} INFO - Rows affected: 1
[2025-06-30T18:14:29.758+0000] {base.py:84} INFO - Using connection ID 'books_connection' for task execution.
[2025-06-30T18:14:29.759+0000] {sql.py:487} INFO - Running statement: 
    INSERT INTO books (title, authors, price, rating)
    VALUES (%s, %s, %s, %s)
    , parameters: ('Designing Data-Intensive Applications Vol-1', 'Author B', '81', '4.4 out of 5')
[2025-06-30T18:14:29.760+0000] {sql.py:496} INFO - Rows affected: 1
[2025-06-30T18:14:29.762+0000] {base.py:84} INFO - Using connection ID 'books_connection' for task execution.
[2025-06-30T18:14:29.763+0000] {sql.py:487} INFO - Running statement: 
    INSERT INTO books (title, authors, price, rating)
    VALUES (%s, %s, %s, %s)
    , parameters: ('Streaming Systems Vol-1', 'Author C', '66', '4.9 out of 5')
[2025-06-30T18:14:29.764+0000] {sql.py:496} INFO - Rows affected: 1
[2025-06-30T18:14:29.766+0000] {base.py:84} INFO - Using connection ID 'books_connection' for task execution.
[2025-06-30T18:14:29.767+0000] {sql.py:487} INFO - Running statement: 
    INSERT INTO books (title, authors, price, rating)
    VALUES (%s, %s, %s, %s)
    , parameters: ('The Data Warehouse Toolkit Vol-1', 'Author D', '90', '4.5 out of 5')
[2025-06-30T18:14:29.767+0000] {sql.py:496} INFO - Rows affected: 1
[2025-06-30T18:14:29.769+0000] {base.py:84} INFO - Using connection ID 'books_connection' for task execution.
[2025-06-30T18:14:29.770+0000] {sql.py:487} INFO - Running statement: 
    INSERT INTO books (title, authors, price, rating)
    VALUES (%s, %s, %s, %s)
    , parameters: ('Building Data Pipelines Vol-1', 'Author E', '26', '3.9 out of 5')
[2025-06-30T18:14:29.771+0000] {sql.py:496} INFO - Rows affected: 1
[2025-06-30T18:14:29.772+0000] {base.py:84} INFO - Using connection ID 'books_connection' for task execution.
[2025-06-30T18:14:29.774+0000] {sql.py:487} INFO - Running statement: 
    INSERT INTO books (title, authors, price, rating)
    VALUES (%s, %s, %s, %s)
    , parameters: ('Fundamentals of Data Engineering Vol-1', 'Author F', '38', '4.0 out of 5')
[2025-06-30T18:14:29.774+0000] {sql.py:496} INFO - Rows affected: 1
[2025-06-30T18:14:29.776+0000] {base.py:84} INFO - Using connection ID 'books_connection' for task execution.
[2025-06-30T18:14:29.777+0000] {sql.py:487} INFO - Running statement: 
    INSERT INTO books (title, authors, price, rating)
    VALUES (%s, %s, %s, %s)
    , parameters: ('Modern Data Architecture Vol-1', 'Author G', '92', '3.7 out of 5')
[2025-06-30T18:14:29.777+0000] {sql.py:496} INFO - Rows affected: 1
[2025-06-30T18:14:29.780+0000] {base.py:84} INFO - Using connection ID 'books_connection' for task execution.
[2025-06-30T18:14:29.781+0000] {sql.py:487} INFO - Running statement: 
    INSERT INTO books (title, authors, price, rating)
    VALUES (%s, %s, %s, %s)
    , parameters: ('Data Engineering for Beginners Vol-1', 'Author H', '67', '3.6 out of 5')
[2025-06-30T18:14:29.781+0000] {sql.py:496} INFO - Rows affected: 1
[2025-06-30T18:14:29.784+0000] {base.py:84} INFO - Using connection ID 'books_connection' for task execution.
[2025-06-30T18:14:29.786+0000] {sql.py:487} INFO - Running statement: 
    INSERT INTO books (title, authors, price, rating)
    VALUES (%s, %s, %s, %s)
    , parameters: ('Data Pipelines Pocket Reference Vol-1', 'Author I', '80', '4.3 out of 5')
[2025-06-30T18:14:29.786+0000] {sql.py:496} INFO - Rows affected: 1
[2025-06-30T18:14:29.788+0000] {base.py:84} INFO - Using connection ID 'books_connection' for task execution.
[2025-06-30T18:14:29.789+0000] {sql.py:487} INFO - Running statement: 
    INSERT INTO books (title, authors, price, rating)
    VALUES (%s, %s, %s, %s)
    , parameters: ('Cloud Data Engineering Vol-1', 'Author J', '47', '4.3 out of 5')
[2025-06-30T18:14:29.790+0000] {sql.py:496} INFO - Rows affected: 1
[2025-06-30T18:14:29.792+0000] {base.py:84} INFO - Using connection ID 'books_connection' for task execution.
[2025-06-30T18:14:29.793+0000] {sql.py:487} INFO - Running statement: 
    INSERT INTO books (title, authors, price, rating)
    VALUES (%s, %s, %s, %s)
    , parameters: ('Big Data Processing Vol-1', 'Author K', '30', '4.6 out of 5')
[2025-06-30T18:14:29.793+0000] {sql.py:496} INFO - Rows affected: 1
[2025-06-30T18:14:29.795+0000] {base.py:84} INFO - Using connection ID 'books_connection' for task execution.
[2025-06-30T18:14:29.796+0000] {sql.py:487} INFO - Running statement: 
    INSERT INTO books (title, authors, price, rating)
    VALUES (%s, %s, %s, %s)
    , parameters: ('Real-Time Data Processing Vol-1', 'Author L', '83', '4.6 out of 5')
[2025-06-30T18:14:29.796+0000] {sql.py:496} INFO - Rows affected: 1
[2025-06-30T18:14:29.798+0000] {base.py:84} INFO - Using connection ID 'books_connection' for task execution.
[2025-06-30T18:14:29.799+0000] {sql.py:487} INFO - Running statement: 
    INSERT INTO books (title, authors, price, rating)
    VALUES (%s, %s, %s, %s)
    , parameters: ('The Art of Data Engineering Vol-1', 'Author M', '37', '4.2 out of 5')
[2025-06-30T18:14:29.800+0000] {sql.py:496} INFO - Rows affected: 1
[2025-06-30T18:14:29.802+0000] {base.py:84} INFO - Using connection ID 'books_connection' for task execution.
[2025-06-30T18:14:29.803+0000] {sql.py:487} INFO - Running statement: 
    INSERT INTO books (title, authors, price, rating)
    VALUES (%s, %s, %s, %s)
    , parameters: ('ETL with Apache Airflow Vol-1', 'Author N', '92', '3.7 out of 5')
[2025-06-30T18:14:29.803+0000] {sql.py:496} INFO - Rows affected: 1
[2025-06-30T18:14:29.805+0000] {base.py:84} INFO - Using connection ID 'books_connection' for task execution.
[2025-06-30T18:14:29.806+0000] {sql.py:487} INFO - Running statement: 
    INSERT INTO books (title, authors, price, rating)
    VALUES (%s, %s, %s, %s)
    , parameters: ('Mastering Spark Vol-1', 'Author O', '47', '3.7 out of 5')
[2025-06-30T18:14:29.806+0000] {sql.py:496} INFO - Rows affected: 1
[2025-06-30T18:14:29.808+0000] {base.py:84} INFO - Using connection ID 'books_connection' for task execution.
[2025-06-30T18:14:29.809+0000] {sql.py:487} INFO - Running statement: 
    INSERT INTO books (title, authors, price, rating)
    VALUES (%s, %s, %s, %s)
    , parameters: ('Data Modeling for Data Warehouses Vol-1', 'Author P', '24', '4.8 out of 5')
[2025-06-30T18:14:29.810+0000] {sql.py:496} INFO - Rows affected: 1
[2025-06-30T18:14:29.812+0000] {base.py:84} INFO - Using connection ID 'books_connection' for task execution.
[2025-06-30T18:14:29.813+0000] {sql.py:487} INFO - Running statement: 
    INSERT INTO books (title, authors, price, rating)
    VALUES (%s, %s, %s, %s)
    , parameters: ('SQL for Data Engineers Vol-1', 'Author Q', '94', '3.8 out of 5')
[2025-06-30T18:14:29.813+0000] {sql.py:496} INFO - Rows affected: 1
[2025-06-30T18:14:29.815+0000] {base.py:84} INFO - Using connection ID 'books_connection' for task execution.
[2025-06-30T18:14:29.816+0000] {sql.py:487} INFO - Running statement: 
    INSERT INTO books (title, authors, price, rating)
    VALUES (%s, %s, %s, %s)
    , parameters: ("The Data Engineer's Cookbook Vol-1", 'Author R', '82', '4.2 out of 5')
[2025-06-30T18:14:29.816+0000] {sql.py:496} INFO - Rows affected: 1
[2025-06-30T18:14:29.818+0000] {base.py:84} INFO - Using connection ID 'books_connection' for task execution.
[2025-06-30T18:14:29.819+0000] {sql.py:487} INFO - Running statement: 
    INSERT INTO books (title, authors, price, rating)
    VALUES (%s, %s, %s, %s)
    , parameters: ('Google Cloud for Data Engineering Vol-1', 'Author S', '22', '3.7 out of 5')
[2025-06-30T18:14:29.819+0000] {sql.py:496} INFO - Rows affected: 1
[2025-06-30T18:14:29.821+0000] {base.py:84} INFO - Using connection ID 'books_connection' for task execution.
[2025-06-30T18:14:29.822+0000] {sql.py:487} INFO - Running statement: 
    INSERT INTO books (title, authors, price, rating)
    VALUES (%s, %s, %s, %s)
    , parameters: ('AWS Data Engineering Guide Vol-1', 'Author T', '36', '4.7 out of 5')
[2025-06-30T18:14:29.823+0000] {sql.py:496} INFO - Rows affected: 1
[2025-06-30T18:14:29.826+0000] {base.py:84} INFO - Using connection ID 'books_connection' for task execution.
[2025-06-30T18:14:29.827+0000] {sql.py:487} INFO - Running statement: 
    INSERT INTO books (title, authors, price, rating)
    VALUES (%s, %s, %s, %s)
    , parameters: ('Kafka for Data Engineers Vol-1', 'Author U', '55', '4.4 out of 5')
[2025-06-30T18:14:29.827+0000] {sql.py:496} INFO - Rows affected: 1
[2025-06-30T18:14:29.829+0000] {base.py:84} INFO - Using connection ID 'books_connection' for task execution.
[2025-06-30T18:14:29.830+0000] {sql.py:487} INFO - Running statement: 
    INSERT INTO books (title, authors, price, rating)
    VALUES (%s, %s, %s, %s)
    , parameters: ('Data Engineering Projects Vol-1', 'Author V', '97', '3.9 out of 5')
[2025-06-30T18:14:29.831+0000] {sql.py:496} INFO - Rows affected: 1
[2025-06-30T18:14:29.832+0000] {base.py:84} INFO - Using connection ID 'books_connection' for task execution.
[2025-06-30T18:14:29.833+0000] {sql.py:487} INFO - Running statement: 
    INSERT INTO books (title, authors, price, rating)
    VALUES (%s, %s, %s, %s)
    , parameters: ('DataOps in Practice Vol-1', 'Author W', '47', '3.5 out of 5')
[2025-06-30T18:14:29.834+0000] {sql.py:496} INFO - Rows affected: 1
[2025-06-30T18:14:29.836+0000] {base.py:84} INFO - Using connection ID 'books_connection' for task execution.
[2025-06-30T18:14:29.838+0000] {sql.py:487} INFO - Running statement: 
    INSERT INTO books (title, authors, price, rating)
    VALUES (%s, %s, %s, %s)
    , parameters: ('Advanced Data Integration Vol-1', 'Author X', '39', '3.9 out of 5')
[2025-06-30T18:14:29.838+0000] {sql.py:496} INFO - Rows affected: 1
[2025-06-30T18:14:29.841+0000] {base.py:84} INFO - Using connection ID 'books_connection' for task execution.
[2025-06-30T18:14:29.843+0000] {sql.py:487} INFO - Running statement: 
    INSERT INTO books (title, authors, price, rating)
    VALUES (%s, %s, %s, %s)
    , parameters: ('Snowflake Essentials Vol-1', 'Author Y', '63', '4.9 out of 5')
[2025-06-30T18:14:29.844+0000] {sql.py:496} INFO - Rows affected: 1
[2025-06-30T18:14:29.847+0000] {base.py:84} INFO - Using connection ID 'books_connection' for task execution.
[2025-06-30T18:14:29.849+0000] {sql.py:487} INFO - Running statement: 
    INSERT INTO books (title, authors, price, rating)
    VALUES (%s, %s, %s, %s)
    , parameters: ('Databricks in Action Vol-1', 'Author Z', '31', '3.7 out of 5')
[2025-06-30T18:14:29.850+0000] {sql.py:496} INFO - Rows affected: 1
[2025-06-30T18:14:29.855+0000] {base.py:84} INFO - Using connection ID 'books_connection' for task execution.
[2025-06-30T18:14:29.857+0000] {sql.py:487} INFO - Running statement: 
    INSERT INTO books (title, authors, price, rating)
    VALUES (%s, %s, %s, %s)
    , parameters: ('BigQuery Deep Dive Vol-1', 'Author A', '53', '4.8 out of 5')
[2025-06-30T18:14:29.857+0000] {sql.py:496} INFO - Rows affected: 1
[2025-06-30T18:14:29.860+0000] {base.py:84} INFO - Using connection ID 'books_connection' for task execution.
[2025-06-30T18:14:29.861+0000] {sql.py:487} INFO - Running statement: 
    INSERT INTO books (title, authors, price, rating)
    VALUES (%s, %s, %s, %s)
    , parameters: ('Azure Data Engineering Vol-1', 'Author B', '80', '4.2 out of 5')
[2025-06-30T18:14:29.862+0000] {sql.py:496} INFO - Rows affected: 1
[2025-06-30T18:14:29.864+0000] {base.py:84} INFO - Using connection ID 'books_connection' for task execution.
[2025-06-30T18:14:29.865+0000] {sql.py:487} INFO - Running statement: 
    INSERT INTO books (title, authors, price, rating)
    VALUES (%s, %s, %s, %s)
    , parameters: ('Efficient Data Loading Techniques Vol-1', 'Author C', '52', '4.9 out of 5')
[2025-06-30T18:14:29.866+0000] {sql.py:496} INFO - Rows affected: 1
[2025-06-30T18:14:29.868+0000] {base.py:84} INFO - Using connection ID 'books_connection' for task execution.
[2025-06-30T18:14:29.869+0000] {sql.py:487} INFO - Running statement: 
    INSERT INTO books (title, authors, price, rating)
    VALUES (%s, %s, %s, %s)
    , parameters: ('Data Quality Fundamentals Vol-1', 'Author D', '25', '4.0 out of 5')
[2025-06-30T18:14:29.870+0000] {sql.py:496} INFO - Rows affected: 1
[2025-06-30T18:14:29.873+0000] {base.py:84} INFO - Using connection ID 'books_connection' for task execution.
[2025-06-30T18:14:29.875+0000] {sql.py:487} INFO - Running statement: 
    INSERT INTO books (title, authors, price, rating)
    VALUES (%s, %s, %s, %s)
    , parameters: ('Data Lakes Demystified Vol-1', 'Author E', '54', '3.8 out of 5')
[2025-06-30T18:14:29.875+0000] {sql.py:496} INFO - Rows affected: 1
[2025-06-30T18:14:29.878+0000] {base.py:84} INFO - Using connection ID 'books_connection' for task execution.
[2025-06-30T18:14:29.880+0000] {sql.py:487} INFO - Running statement: 
    INSERT INTO books (title, authors, price, rating)
    VALUES (%s, %s, %s, %s)
    , parameters: ('The Path to Data Mastery Vol-1', 'Author F', '53', '4.7 out of 5')
[2025-06-30T18:14:29.880+0000] {sql.py:496} INFO - Rows affected: 1
[2025-06-30T18:14:29.883+0000] {base.py:84} INFO - Using connection ID 'books_connection' for task execution.
[2025-06-30T18:14:29.884+0000] {sql.py:487} INFO - Running statement: 
    INSERT INTO books (title, authors, price, rating)
    VALUES (%s, %s, %s, %s)
    , parameters: ('Data Infrastructure for Startups Vol-1', 'Author G', '69', '4.8 out of 5')
[2025-06-30T18:14:29.885+0000] {sql.py:496} INFO - Rows affected: 1
[2025-06-30T18:14:29.887+0000] {base.py:84} INFO - Using connection ID 'books_connection' for task execution.
[2025-06-30T18:14:29.889+0000] {sql.py:487} INFO - Running statement: 
    INSERT INTO books (title, authors, price, rating)
    VALUES (%s, %s, %s, %s)
    , parameters: ('Airflow in Practice Vol-1', 'Author H', '59', '4.6 out of 5')
[2025-06-30T18:14:29.890+0000] {sql.py:496} INFO - Rows affected: 1
[2025-06-30T18:14:29.893+0000] {base.py:84} INFO - Using connection ID 'books_connection' for task execution.
[2025-06-30T18:14:29.894+0000] {sql.py:487} INFO - Running statement: 
    INSERT INTO books (title, authors, price, rating)
    VALUES (%s, %s, %s, %s)
    , parameters: ('Python ETL Projects Vol-1', 'Author I', '37', '5.0 out of 5')
[2025-06-30T18:14:29.895+0000] {sql.py:496} INFO - Rows affected: 1
[2025-06-30T18:14:29.901+0000] {base.py:84} INFO - Using connection ID 'books_connection' for task execution.
[2025-06-30T18:14:29.903+0000] {sql.py:487} INFO - Running statement: 
    INSERT INTO books (title, authors, price, rating)
    VALUES (%s, %s, %s, %s)
    , parameters: ('Data Engineering on the Cloud Vol-1', 'Author J', '87', '4.9 out of 5')
[2025-06-30T18:14:29.903+0000] {sql.py:496} INFO - Rows affected: 1
[2025-06-30T18:14:29.906+0000] {base.py:84} INFO - Using connection ID 'books_connection' for task execution.
[2025-06-30T18:14:29.908+0000] {sql.py:487} INFO - Running statement: 
    INSERT INTO books (title, authors, price, rating)
    VALUES (%s, %s, %s, %s)
    , parameters: ('Effective Data Engineering Vol-1', 'Author K', '22', '3.6 out of 5')
[2025-06-30T18:14:29.909+0000] {sql.py:496} INFO - Rows affected: 1
[2025-06-30T18:14:29.912+0000] {base.py:84} INFO - Using connection ID 'books_connection' for task execution.
[2025-06-30T18:14:29.913+0000] {sql.py:487} INFO - Running statement: 
    INSERT INTO books (title, authors, price, rating)
    VALUES (%s, %s, %s, %s)
    , parameters: ('Introduction to Data Mesh Vol-1', 'Author L', '69', '3.7 out of 5')
[2025-06-30T18:14:29.914+0000] {sql.py:496} INFO - Rows affected: 1
[2025-06-30T18:14:29.916+0000] {base.py:84} INFO - Using connection ID 'books_connection' for task execution.
[2025-06-30T18:14:29.917+0000] {sql.py:487} INFO - Running statement: 
    INSERT INTO books (title, authors, price, rating)
    VALUES (%s, %s, %s, %s)
    , parameters: ('Data Governance for Engineers Vol-1', 'Author M', '24', '3.6 out of 5')
[2025-06-30T18:14:29.918+0000] {sql.py:496} INFO - Rows affected: 1
[2025-06-30T18:14:29.920+0000] {base.py:84} INFO - Using connection ID 'books_connection' for task execution.
[2025-06-30T18:14:29.921+0000] {sql.py:487} INFO - Running statement: 
    INSERT INTO books (title, authors, price, rating)
    VALUES (%s, %s, %s, %s)
    , parameters: ('Building Scalable Data Systems Vol-1', 'Author N', '61', '5.0 out of 5')
[2025-06-30T18:14:29.921+0000] {sql.py:496} INFO - Rows affected: 1
[2025-06-30T18:14:29.926+0000] {base.py:84} INFO - Using connection ID 'books_connection' for task execution.
[2025-06-30T18:14:29.928+0000] {sql.py:487} INFO - Running statement: 
    INSERT INTO books (title, authors, price, rating)
    VALUES (%s, %s, %s, %s)
    , parameters: ('Time-Series in Big Data Vol-1', 'Author O', '89', '4.8 out of 5')
[2025-06-30T18:14:29.928+0000] {sql.py:496} INFO - Rows affected: 1
[2025-06-30T18:14:29.931+0000] {base.py:84} INFO - Using connection ID 'books_connection' for task execution.
[2025-06-30T18:14:29.932+0000] {sql.py:487} INFO - Running statement: 
    INSERT INTO books (title, authors, price, rating)
    VALUES (%s, %s, %s, %s)
    , parameters: ("Data Architect's Handbook Vol-1", 'Author P', '59', '4.6 out of 5')
[2025-06-30T18:14:29.933+0000] {sql.py:496} INFO - Rows affected: 1
[2025-06-30T18:14:29.935+0000] {base.py:84} INFO - Using connection ID 'books_connection' for task execution.
[2025-06-30T18:14:29.936+0000] {sql.py:487} INFO - Running statement: 
    INSERT INTO books (title, authors, price, rating)
    VALUES (%s, %s, %s, %s)
    , parameters: ('Distributed Systems for Engineers Vol-1', 'Author Q', '30', '4.2 out of 5')
[2025-06-30T18:14:29.937+0000] {sql.py:496} INFO - Rows affected: 1
[2025-06-30T18:14:29.939+0000] {base.py:84} INFO - Using connection ID 'books_connection' for task execution.
[2025-06-30T18:14:29.941+0000] {sql.py:487} INFO - Running statement: 
    INSERT INTO books (title, authors, price, rating)
    VALUES (%s, %s, %s, %s)
    , parameters: ('Apache Flink in Practice Vol-1', 'Author R', '77', '4.8 out of 5')
[2025-06-30T18:14:29.941+0000] {sql.py:496} INFO - Rows affected: 1
[2025-06-30T18:14:29.943+0000] {base.py:84} INFO - Using connection ID 'books_connection' for task execution.
[2025-06-30T18:14:29.944+0000] {sql.py:487} INFO - Running statement: 
    INSERT INTO books (title, authors, price, rating)
    VALUES (%s, %s, %s, %s)
    , parameters: ('SQL Performance Tuning Vol-1', 'Author S', '30', '3.9 out of 5')
[2025-06-30T18:14:29.945+0000] {sql.py:496} INFO - Rows affected: 1
[2025-06-30T18:14:29.947+0000] {base.py:84} INFO - Using connection ID 'books_connection' for task execution.
[2025-06-30T18:14:29.949+0000] {sql.py:487} INFO - Running statement: 
    INSERT INTO books (title, authors, price, rating)
    VALUES (%s, %s, %s, %s)
    , parameters: ('Data Engineering in Finance Vol-1', 'Author T', '34', '4.5 out of 5')
[2025-06-30T18:14:29.949+0000] {sql.py:496} INFO - Rows affected: 1
[2025-06-30T18:14:29.952+0000] {base.py:84} INFO - Using connection ID 'books_connection' for task execution.
[2025-06-30T18:14:29.953+0000] {sql.py:487} INFO - Running statement: 
    INSERT INTO books (title, authors, price, rating)
    VALUES (%s, %s, %s, %s)
    , parameters: ('Streaming Analytics Vol-1', 'Author U', '63', '4.5 out of 5')
[2025-06-30T18:14:29.954+0000] {sql.py:496} INFO - Rows affected: 1
[2025-06-30T18:14:29.958+0000] {base.py:84} INFO - Using connection ID 'books_connection' for task execution.
[2025-06-30T18:14:29.959+0000] {sql.py:487} INFO - Running statement: 
    INSERT INTO books (title, authors, price, rating)
    VALUES (%s, %s, %s, %s)
    , parameters: ('Postgres for Data Engineers Vol-1', 'Author V', '64', '4.7 out of 5')
[2025-06-30T18:14:29.960+0000] {sql.py:496} INFO - Rows affected: 1
[2025-06-30T18:14:29.964+0000] {base.py:84} INFO - Using connection ID 'books_connection' for task execution.
[2025-06-30T18:14:29.966+0000] {sql.py:487} INFO - Running statement: 
    INSERT INTO books (title, authors, price, rating)
    VALUES (%s, %s, %s, %s)
    , parameters: ('Data Ingestion Strategies Vol-1', 'Author W', '89', '3.5 out of 5')
[2025-06-30T18:14:29.966+0000] {sql.py:496} INFO - Rows affected: 1
[2025-06-30T18:14:29.970+0000] {base.py:84} INFO - Using connection ID 'books_connection' for task execution.
[2025-06-30T18:14:29.972+0000] {sql.py:487} INFO - Running statement: 
    INSERT INTO books (title, authors, price, rating)
    VALUES (%s, %s, %s, %s)
    , parameters: ('Real-World ETL Workflows Vol-1', 'Author X', '36', '4.4 out of 5')
[2025-06-30T18:14:29.973+0000] {sql.py:496} INFO - Rows affected: 1
[2025-06-30T18:14:29.973+0000] {python.py:237} INFO - Done. Returned value was: None
[2025-06-30T18:14:29.973+0000] {taskinstance.py:441} INFO - ::group::Post task execution logs
[2025-06-30T18:14:29.982+0000] {taskinstance.py:1206} INFO - Marking task as SUCCESS. dag_id=fetch_and_store_amazon_books, task_id=insert_book_data, run_id=manual__2025-06-30T18:14:26.048551+00:00, execution_date=20250630T181426, start_date=20250630T181429, end_date=20250630T181429
[2025-06-30T18:14:30.004+0000] {local_task_job_runner.py:240} INFO - Task exited with return code 0
[2025-06-30T18:14:30.018+0000] {taskinstance.py:3503} INFO - 0 downstream tasks scheduled from follow-on schedule check
[2025-06-30T18:14:30.019+0000] {local_task_job_runner.py:222} INFO - ::endgroup::
