[2025-06-30T18:14:28.426+0000] {local_task_job_runner.py:120} INFO - ::group::Pre task execution logs
[2025-06-30T18:14:28.435+0000] {taskinstance.py:2076} INFO - Dependencies all met for dep_context=non-requeueable deps ti=<TaskInstance: fetch_and_store_amazon_books.create_table manual__2025-06-30T18:14:26.048551+00:00 [queued]>
[2025-06-30T18:14:28.439+0000] {taskinstance.py:2076} INFO - Dependencies all met for dep_context=requeueable deps ti=<TaskInstance: fetch_and_store_amazon_books.create_table manual__2025-06-30T18:14:26.048551+00:00 [queued]>
[2025-06-30T18:14:28.439+0000] {taskinstance.py:2306} INFO - Starting attempt 1 of 2
[2025-06-30T18:14:28.444+0000] {taskinstance.py:2330} INFO - Executing <Task(PostgresOperator): create_table> on 2025-06-30 18:14:26.048551+00:00
[2025-06-30T18:14:28.447+0000] {warnings.py:112} WARNING - /home/***/.local/lib/python3.12/site-packages/***/task/task_runner/standard_task_runner.py:61: DeprecationWarning: This process (pid=877) is multi-threaded, use of fork() may lead to deadlocks in the child.
  pid = os.fork()

[2025-06-30T18:14:28.448+0000] {standard_task_runner.py:63} INFO - Started process 879 to run task
[2025-06-30T18:14:28.449+0000] {standard_task_runner.py:90} INFO - Running: ['***', 'tasks', 'run', 'fetch_and_store_amazon_books', 'create_table', 'manual__2025-06-30T18:14:26.048551+00:00', '--job-id', '22', '--raw', '--subdir', 'DAGS_FOLDER/app.py', '--cfg-path', '/tmp/tmpsdkfsa6o']
[2025-06-30T18:14:28.449+0000] {standard_task_runner.py:91} INFO - Job 22: Subtask create_table
[2025-06-30T18:14:28.467+0000] {task_command.py:426} INFO - Running <TaskInstance: fetch_and_store_amazon_books.create_table manual__2025-06-30T18:14:26.048551+00:00 [running]> on host 714f151640e5
[2025-06-30T18:14:28.497+0000] {taskinstance.py:2648} INFO - Exporting env vars: AIRFLOW_CTX_DAG_OWNER='***' AIRFLOW_CTX_DAG_ID='fetch_and_store_amazon_books' AIRFLOW_CTX_TASK_ID='create_table' AIRFLOW_CTX_EXECUTION_DATE='2025-06-30T18:14:26.048551+00:00' AIRFLOW_CTX_TRY_NUMBER='1' AIRFLOW_CTX_DAG_RUN_ID='manual__2025-06-30T18:14:26.048551+00:00'
[2025-06-30T18:14:28.497+0000] {taskinstance.py:430} INFO - ::endgroup::
[2025-06-30T18:14:28.498+0000] {sql.py:276} INFO - Executing: 
    CREATE TABLE IF NOT EXISTS books (
        id SERIAL PRIMARY KEY,
        title TEXT NOT NULL,
        authors TEXT,
        price TEXT,
        rating TEXT
    );
    
[2025-06-30T18:14:28.500+0000] {base.py:84} INFO - Using connection ID 'books_connection' for task execution.
[2025-06-30T18:14:28.503+0000] {base.py:84} INFO - Using connection ID 'books_connection' for task execution.
[2025-06-30T18:14:28.505+0000] {sql.py:487} INFO - Running statement: 
    CREATE TABLE IF NOT EXISTS books (
        id SERIAL PRIMARY KEY,
        title TEXT NOT NULL,
        authors TEXT,
        price TEXT,
        rating TEXT
    );
    , parameters: None
[2025-06-30T18:14:28.505+0000] {taskinstance.py:441} INFO - ::group::Post task execution logs
[2025-06-30T18:14:28.509+0000] {taskinstance.py:1206} INFO - Marking task as SUCCESS. dag_id=fetch_and_store_amazon_books, task_id=create_table, run_id=manual__2025-06-30T18:14:26.048551+00:00, execution_date=20250630T181426, start_date=20250630T181428, end_date=20250630T181428
[2025-06-30T18:14:28.547+0000] {local_task_job_runner.py:240} INFO - Task exited with return code 0
[2025-06-30T18:14:28.552+0000] {warnings.py:112} WARNING - /home/***/.local/lib/python3.12/site-packages/***/models/baseoperator.py:1297: AirflowProviderDeprecationWarning: Call to deprecated class PostgresOperator. (Please use `***.providers.common.sql.operators.sql.SQLExecuteQueryOperator`.Also, you can provide `hook_params={'schema': <database>}`.)
  result = cls.__new__(cls)

[2025-06-30T18:14:28.556+0000] {taskinstance.py:3503} INFO - 1 downstream tasks scheduled from follow-on schedule check
[2025-06-30T18:14:28.557+0000] {local_task_job_runner.py:222} INFO - ::endgroup::
